TN:
SF:./src/_module.js
FNF:0
FNH:0
DA:1,1
LF:1
LH:1
BRF:0
BRH:0
end_of_record
TN:
SF:./src/adapters/indexedDB.adapter.js
FN:2,(anonymous_1)
FN:7,(anonymous_2)
FN:13,(anonymous_3)
FN:18,(anonymous_4)
FN:19,s4
FN:28,(anonymous_6)
FN:33,(anonymous_7)
FN:49,(anonymous_8)
FN:56,(anonymous_9)
FN:80,(anonymous_10)
FN:86,(anonymous_11)
FN:93,(anonymous_12)
FN:101,(anonymous_13)
FN:107,(anonymous_14)
FN:113,(anonymous_15)
FN:122,(anonymous_16)
FN:139,(anonymous_17)
FN:156,(anonymous_18)
FN:170,(anonymous_19)
FN:173,(anonymous_20)
FN:175,(anonymous_21)
FN:182,(anonymous_22)
FN:190,(anonymous_23)
FN:205,(anonymous_24)
FN:207,(anonymous_25)
FN:215,(anonymous_26)
FN:228,(anonymous_27)
FN:242,(anonymous_28)
FN:244,(anonymous_29)
FN:255,(anonymous_30)
FN:259,(anonymous_31)
FN:261,(anonymous_32)
FN:268,(anonymous_33)
FN:276,(anonymous_34)
FN:289,(anonymous_35)
FN:301,(anonymous_36)
FN:305,(anonymous_37)
FN:319,(anonymous_38)
FN:324,(anonymous_39)
FN:329,(anonymous_40)
FN:332,(anonymous_41)
FN:339,(anonymous_42)
FN:343,(anonymous_43)
FN:349,(anonymous_44)
FN:356,(anonymous_45)
FN:358,(anonymous_46)
FN:362,(anonymous_47)
FN:369,(anonymous_48)
FN:372,(anonymous_49)
FN:378,(anonymous_50)
FN:382,(anonymous_51)
FN:388,(anonymous_52)
FN:402,(anonymous_53)
FN:421,(anonymous_54)
FN:435,(anonymous_55)
FN:440,(anonymous_56)
FN:443,(anonymous_57)
FN:449,(anonymous_58)
FN:453,(anonymous_59)
FN:459,(anonymous_60)
FN:464,(anonymous_61)
FN:478,(anonymous_62)
FN:483,(anonymous_63)
FN:490,(anonymous_64)
FN:494,(anonymous_65)
FN:501,(anonymous_66)
FN:505,(anonymous_67)
FN:511,(anonymous_68)
FN:516,(anonymous_69)
FN:522,(anonymous_70)
FN:527,(anonymous_71)
FN:534,(anonymous_72)
FN:537,(anonymous_73)
FN:543,(anonymous_74)
FN:548,(anonymous_75)
FN:555,(anonymous_76)
FN:558,(anonymous_77)
FN:563,(anonymous_78)
FN:566,(anonymous_79)
FN:571,(anonymous_80)
FN:578,(anonymous_81)
FN:583,(anonymous_82)
FN:586,(anonymous_83)
FN:593,(anonymous_84)
FN:597,(anonymous_85)
FN:603,(anonymous_86)
FN:617,(anonymous_87)
FN:621,(anonymous_88)
FN:624,(anonymous_89)
FNF:89
FNH:47
FNDA:21,(anonymous_1)
FNDA:0,(anonymous_2)
FNDA:0,(anonymous_3)
FNDA:4,(anonymous_4)
FNDA:32,s4
FNDA:0,(anonymous_6)
FNDA:0,(anonymous_7)
FNDA:21,(anonymous_8)
FNDA:0,(anonymous_9)
FNDA:10,(anonymous_10)
FNDA:0,(anonymous_11)
FNDA:20,(anonymous_12)
FNDA:0,(anonymous_13)
FNDA:10,(anonymous_14)
FNDA:5,(anonymous_15)
FNDA:0,(anonymous_16)
FNDA:4,(anonymous_17)
FNDA:0,(anonymous_18)
FNDA:0,(anonymous_19)
FNDA:0,(anonymous_20)
FNDA:0,(anonymous_21)
FNDA:0,(anonymous_22)
FNDA:0,(anonymous_23)
FNDA:0,(anonymous_24)
FNDA:0,(anonymous_25)
FNDA:0,(anonymous_26)
FNDA:2,(anonymous_27)
FNDA:0,(anonymous_28)
FNDA:0,(anonymous_29)
FNDA:0,(anonymous_30)
FNDA:1,(anonymous_31)
FNDA:0,(anonymous_32)
FNDA:1,(anonymous_33)
FNDA:0,(anonymous_34)
FNDA:1,(anonymous_35)
FNDA:4,(anonymous_36)
FNDA:2,(anonymous_37)
FNDA:2,(anonymous_38)
FNDA:1,(anonymous_39)
FNDA:1,(anonymous_40)
FNDA:1,(anonymous_41)
FNDA:4,(anonymous_42)
FNDA:2,(anonymous_43)
FNDA:2,(anonymous_44)
FNDA:1,(anonymous_45)
FNDA:1,(anonymous_46)
FNDA:0,(anonymous_47)
FNDA:1,(anonymous_48)
FNDA:1,(anonymous_49)
FNDA:4,(anonymous_50)
FNDA:2,(anonymous_51)
FNDA:2,(anonymous_52)
FNDA:2,(anonymous_53)
FNDA:1,(anonymous_54)
FNDA:0,(anonymous_55)
FNDA:1,(anonymous_56)
FNDA:1,(anonymous_57)
FNDA:4,(anonymous_58)
FNDA:2,(anonymous_59)
FNDA:2,(anonymous_60)
FNDA:1,(anonymous_61)
FNDA:1,(anonymous_62)
FNDA:0,(anonymous_63)
FNDA:1,(anonymous_64)
FNDA:1,(anonymous_65)
FNDA:4,(anonymous_66)
FNDA:2,(anonymous_67)
FNDA:2,(anonymous_68)
FNDA:1,(anonymous_69)
FNDA:1,(anonymous_70)
FNDA:0,(anonymous_71)
FNDA:1,(anonymous_72)
FNDA:1,(anonymous_73)
FNDA:0,(anonymous_74)
FNDA:0,(anonymous_75)
FNDA:0,(anonymous_76)
FNDA:0,(anonymous_77)
FNDA:0,(anonymous_78)
FNDA:0,(anonymous_79)
FNDA:0,(anonymous_80)
FNDA:0,(anonymous_81)
FNDA:0,(anonymous_82)
FNDA:0,(anonymous_83)
FNDA:0,(anonymous_84)
FNDA:0,(anonymous_85)
FNDA:0,(anonymous_86)
FNDA:0,(anonymous_87)
FNDA:0,(anonymous_88)
FNDA:0,(anonymous_89)
DA:1,1
DA:4,21
DA:6,21
DA:7,21
DA:8,0
DA:9,0
DA:12,21
DA:13,21
DA:14,0
DA:15,0
DA:18,21
DA:19,1
DA:20,32
DA:25,4
DA:28,21
DA:29,0
DA:30,0
DA:33,21
DA:34,0
DA:35,0
DA:37,0
DA:39,0
DA:42,21
DA:51,21
DA:52,21
DA:54,21
DA:56,21
DA:57,0
DA:58,0
DA:59,0
DA:60,0
DA:61,0
DA:62,0
DA:63,0
DA:64,0
DA:66,0
DA:67,0
DA:68,0
DA:69,0
DA:70,0
DA:71,0
DA:72,0
DA:80,21
DA:81,10
DA:86,10
DA:87,0
DA:88,0
DA:89,0
DA:93,21
DA:94,20
DA:96,20
DA:97,0
DA:99,20
DA:101,20
DA:102,0
DA:103,0
DA:104,0
DA:107,20
DA:108,10
DA:109,10
DA:110,10
DA:113,20
DA:114,5
DA:115,5
DA:119,20
DA:122,21
DA:123,0
DA:124,0
DA:125,0
DA:126,0
DA:127,0
DA:128,0
DA:129,0
DA:130,0
DA:131,0
DA:132,0
DA:136,0
DA:139,21
DA:140,4
DA:141,4
DA:143,4
DA:144,0
DA:146,4
DA:147,0
DA:148,0
DA:149,0
DA:150,0
DA:153,4
DA:156,21
DA:157,0
DA:158,0
DA:159,0
DA:161,0
DA:162,0
DA:163,0
DA:164,0
DA:165,0
DA:166,0
DA:167,0
DA:168,0
DA:170,0
DA:171,0
DA:172,0
DA:173,0
DA:174,0
DA:176,0
DA:179,0
DA:182,0
DA:183,0
DA:185,0
DA:186,0
DA:187,0
DA:188,0
DA:190,0
DA:191,0
DA:192,0
DA:193,0
DA:194,0
DA:196,0
DA:198,0
DA:199,0
DA:200,0
DA:201,0
DA:202,0
DA:203,0
DA:205,0
DA:206,0
DA:208,0
DA:211,0
DA:215,0
DA:216,0
DA:220,0
DA:223,0
DA:225,0
DA:228,21
DA:229,2
DA:230,2
DA:231,2
DA:233,2
DA:234,0
DA:236,2
DA:237,0
DA:238,0
DA:239,0
DA:240,0
DA:242,0
DA:243,0
DA:245,0
DA:246,0
DA:249,2
DA:252,2
DA:255,21
DA:256,0
DA:259,21
DA:260,1
DA:261,0
DA:262,0
DA:265,1
DA:268,21
DA:269,1
DA:270,1
DA:272,0
DA:273,0
DA:274,0
DA:275,0
DA:276,0
DA:277,0
DA:278,0
DA:280,0
DA:281,0
DA:283,0
DA:286,0
DA:289,21
DA:290,1
DA:291,1
DA:293,0
DA:294,0
DA:295,0
DA:296,0
DA:298,0
DA:301,21
DA:302,4
DA:303,4
DA:305,4
DA:306,2
DA:307,2
DA:308,2
DA:311,4
DA:314,4
DA:317,4
DA:319,4
DA:320,2
DA:321,2
DA:322,2
DA:323,2
DA:324,2
DA:325,1
DA:326,1
DA:327,1
DA:329,2
DA:330,1
DA:333,1
DA:336,4
DA:339,21
DA:340,4
DA:341,4
DA:343,4
DA:344,2
DA:345,2
DA:346,2
DA:349,4
DA:350,2
DA:351,2
DA:352,2
DA:353,2
DA:356,2
DA:357,1
DA:358,1
DA:359,1
DA:360,1
DA:361,1
DA:363,0
DA:366,0
DA:369,2
DA:370,1
DA:373,1
DA:375,4
DA:378,21
DA:379,4
DA:380,4
DA:382,4
DA:383,2
DA:384,2
DA:385,2
DA:388,4
DA:390,2
DA:391,2
DA:392,2
DA:393,2
DA:394,2
DA:395,2
DA:397,2
DA:398,0
DA:402,2
DA:403,2
DA:404,2
DA:405,1
DA:406,1
DA:407,0
DA:408,0
DA:411,1
DA:414,1
DA:416,1
DA:417,1
DA:418,1
DA:419,1
DA:421,1
DA:422,1
DA:424,1
DA:426,1
DA:429,1
DA:431,1
DA:433,1
DA:434,1
DA:436,0
DA:440,2
DA:441,1
DA:444,1
DA:446,4
DA:449,21
DA:450,4
DA:451,4
DA:453,4
DA:454,2
DA:455,2
DA:456,2
DA:459,4
DA:460,2
DA:461,2
DA:462,2
DA:463,2
DA:464,2
DA:465,1
DA:466,1
DA:467,1
DA:468,1
DA:471,1
DA:474,1
DA:476,1
DA:478,1
DA:479,1
DA:480,1
DA:481,1
DA:483,1
DA:484,0
DA:487,0
DA:490,2
DA:491,1
DA:495,1
DA:497,4
DA:501,21
DA:502,4
DA:503,4
DA:505,4
DA:506,2
DA:507,2
DA:508,2
DA:511,4
DA:512,2
DA:513,2
DA:514,2
DA:515,2
DA:516,2
DA:517,1
DA:518,1
DA:519,1
DA:520,1
DA:521,1
DA:522,1
DA:523,1
DA:524,1
DA:525,1
DA:527,1
DA:528,0
DA:531,0
DA:534,2
DA:535,1
DA:538,1
DA:540,4
DA:543,21
DA:544,0
DA:546,0
DA:547,0
DA:548,0
DA:549,0
DA:550,0
DA:551,0
DA:552,0
DA:554,0
DA:555,0
DA:556,0
DA:558,0
DA:559,0
DA:562,0
DA:563,0
DA:564,0
DA:566,0
DA:567,0
DA:571,0
DA:572,0
DA:575,0
DA:578,21
DA:579,0
DA:581,0
DA:582,0
DA:583,0
DA:584,0
DA:586,0
DA:587,0
DA:590,0
DA:593,21
DA:594,0
DA:595,0
DA:597,0
DA:598,0
DA:599,0
DA:600,0
DA:603,0
DA:604,0
DA:605,0
DA:607,0
DA:608,0
DA:609,0
DA:610,0
DA:611,0
DA:613,0
DA:617,0
DA:618,0
DA:619,0
DA:620,0
DA:622,0
DA:625,0
DA:627,0
DA:630,21
LF:384
LH:202
BRDA:66,1,0,0
BRDA:66,1,1,0
BRDA:69,2,0,0
BRDA:69,2,1,0
BRDA:70,3,0,0
BRDA:70,3,1,0
BRDA:70,4,0,0
BRDA:70,4,1,0
BRDA:71,5,0,0
BRDA:71,5,1,0
BRDA:96,6,0,0
BRDA:96,6,1,20
BRDA:126,7,0,0
BRDA:126,7,1,0
BRDA:129,8,0,0
BRDA:129,8,1,0
BRDA:129,9,0,0
BRDA:129,9,1,0
BRDA:131,10,0,0
BRDA:131,10,1,0
BRDA:143,11,0,0
BRDA:143,11,1,4
BRDA:146,12,0,0
BRDA:146,12,1,4
BRDA:161,13,0,0
BRDA:161,13,1,0
BRDA:164,14,0,0
BRDA:164,14,1,0
BRDA:164,15,0,0
BRDA:164,15,1,0
BRDA:167,16,0,0
BRDA:167,16,1,0
BRDA:167,17,0,0
BRDA:167,17,1,0
BRDA:172,18,0,0
BRDA:172,18,1,0
BRDA:185,19,0,0
BRDA:185,19,1,0
BRDA:192,20,0,0
BRDA:192,20,1,0
BRDA:193,21,0,0
BRDA:193,21,1,0
BRDA:199,22,0,0
BRDA:199,22,1,0
BRDA:233,23,0,0
BRDA:233,23,1,2
BRDA:236,24,0,0
BRDA:236,24,1,2
BRDA:260,25,0,0
BRDA:260,25,1,1
BRDA:260,26,0,1
BRDA:260,26,1,0
BRDA:269,27,0,1
BRDA:269,27,1,0
BRDA:273,28,0,0
BRDA:273,28,1,0
BRDA:275,29,0,0
BRDA:275,29,1,0
BRDA:277,30,0,0
BRDA:277,30,1,0
BRDA:278,31,0,0
BRDA:278,31,1,0
BRDA:280,32,0,0
BRDA:280,32,1,0
BRDA:281,33,0,0
BRDA:281,33,1,0
BRDA:290,34,0,1
BRDA:290,34,1,0
BRDA:295,35,0,0
BRDA:295,35,1,0
BRDA:295,36,0,0
BRDA:295,36,1,0
BRDA:344,37,0,2
BRDA:344,37,1,2
BRDA:357,38,0,1
BRDA:357,38,1,0
BRDA:357,39,0,1
BRDA:357,39,1,1
BRDA:357,39,2,1
BRDA:397,40,0,0
BRDA:397,40,1,2
BRDA:397,41,0,2
BRDA:397,41,1,0
BRDA:404,42,0,1
BRDA:404,42,1,1
BRDA:405,43,0,1
BRDA:405,43,1,0
BRDA:405,44,0,1
BRDA:405,44,1,1
BRDA:406,45,0,0
BRDA:406,45,1,1
BRDA:407,46,0,0
BRDA:407,46,1,0
BRDA:465,47,0,1
BRDA:465,47,1,0
BRDA:465,48,0,1
BRDA:465,48,1,1
BRDA:465,48,2,1
BRDA:517,49,0,1
BRDA:517,49,1,0
BRDA:517,50,0,1
BRDA:517,50,1,1
BRDA:550,51,0,0
BRDA:550,51,1,0
BRDA:610,52,0,0
BRDA:610,52,1,0
BRF:106
BRH:30
end_of_record
TN:
SF:./src/adapters/odataREST.adapter.js
FN:2,(anonymous_1)
FN:7,(anonymous_2)
FN:16,(anonymous_3)
FN:22,(anonymous_4)
FN:33,(anonymous_5)
FN:40,(anonymous_6)
FN:45,(anonymous_7)
FN:52,(anonymous_8)
FN:57,(anonymous_9)
FN:66,(anonymous_10)
FN:79,(anonymous_11)
FN:84,(anonymous_12)
FN:93,(anonymous_13)
FN:100,(anonymous_14)
FN:117,(anonymous_15)
FN:126,(anonymous_16)
FN:139,(anonymous_17)
FN:144,(anonymous_18)
FN:153,(anonymous_19)
FN:166,(anonymous_20)
FN:171,(anonymous_21)
FN:180,(anonymous_22)
FN:187,(anonymous_23)
FN:204,(anonymous_24)
FNF:24
FNH:18
FNDA:19,(anonymous_1)
FNDA:0,(anonymous_2)
FNDA:0,(anonymous_3)
FNDA:0,(anonymous_4)
FNDA:19,(anonymous_5)
FNDA:6,(anonymous_6)
FNDA:3,(anonymous_7)
FNDA:2,(anonymous_8)
FNDA:1,(anonymous_9)
FNDA:4,(anonymous_10)
FNDA:2,(anonymous_11)
FNDA:1,(anonymous_12)
FNDA:3,(anonymous_13)
FNDA:2,(anonymous_14)
FNDA:1,(anonymous_15)
FNDA:4,(anonymous_16)
FNDA:2,(anonymous_17)
FNDA:1,(anonymous_18)
FNDA:4,(anonymous_19)
FNDA:2,(anonymous_20)
FNDA:1,(anonymous_21)
FNDA:0,(anonymous_22)
FNDA:0,(anonymous_23)
FNDA:0,(anonymous_24)
DA:1,1
DA:4,19
DA:6,19
DA:7,19
DA:8,0
DA:9,0
DA:11,0
DA:12,0
DA:15,19
DA:16,19
DA:17,0
DA:18,0
DA:21,19
DA:22,19
DA:23,0
DA:24,0
DA:27,19
DA:38,19
DA:40,19
DA:41,6
DA:42,6
DA:45,19
DA:46,3
DA:47,3
DA:49,3
DA:51,3
DA:53,2
DA:54,2
DA:55,2
DA:58,1
DA:59,1
DA:60,1
DA:63,3
DA:66,19
DA:67,4
DA:68,4
DA:70,4
DA:71,1
DA:72,1
DA:73,1
DA:76,3
DA:78,3
DA:80,2
DA:81,2
DA:82,2
DA:85,1
DA:86,1
DA:87,1
DA:90,3
DA:93,19
DA:94,3
DA:95,3
DA:97,3
DA:99,3
DA:101,2
DA:102,2
DA:104,2
DA:105,2
DA:106,2
DA:108,2
DA:109,2
DA:113,2
DA:114,2
DA:115,2
DA:118,1
DA:119,1
DA:120,1
DA:123,3
DA:126,19
DA:127,4
DA:128,4
DA:130,4
DA:131,1
DA:132,1
DA:133,1
DA:136,3
DA:138,3
DA:140,2
DA:141,2
DA:142,2
DA:145,1
DA:146,1
DA:147,1
DA:150,3
DA:153,19
DA:154,4
DA:155,4
DA:157,4
DA:158,1
DA:159,1
DA:160,1
DA:163,3
DA:165,3
DA:167,2
DA:168,2
DA:169,2
DA:172,1
DA:173,1
DA:174,1
DA:177,3
DA:180,19
DA:181,0
DA:182,0
DA:184,0
DA:186,0
DA:188,0
DA:189,0
DA:191,0
DA:192,0
DA:193,0
DA:195,0
DA:196,0
DA:200,0
DA:201,0
DA:202,0
DA:205,0
DA:206,0
DA:207,0
DA:210,0
DA:213,19
LF:120
LH:94
BRDA:8,1,0,0
BRDA:8,1,1,0
BRDA:41,2,0,0
BRDA:41,2,1,6
BRDA:70,3,0,1
BRDA:70,3,1,3
BRDA:104,4,0,2
BRDA:104,4,1,0
BRDA:105,5,0,2
BRDA:105,5,1,0
BRDA:108,6,0,2
BRDA:108,6,1,0
BRDA:108,7,0,2
BRDA:108,7,1,2
BRDA:130,8,0,1
BRDA:130,8,1,3
BRDA:157,9,0,1
BRDA:157,9,1,3
BRDA:191,10,0,0
BRDA:191,10,1,0
BRDA:192,11,0,0
BRDA:192,11,1,0
BRDA:195,12,0,0
BRDA:195,12,1,0
BRDA:195,13,0,0
BRDA:195,13,1,0
BRF:26
BRH:12
end_of_record
TN:
SF:./src/coma.adapterResponse.js
FN:2,(anonymous_1)
FN:4,(anonymous_2)
FNF:2
FNH:2
FNDA:40,(anonymous_1)
FNDA:33,(anonymous_2)
DA:1,1
DA:4,40
DA:5,33
DA:6,33
DA:7,33
DA:8,33
DA:9,33
DA:12,40
DA:13,40
DA:14,40
DA:15,40
DA:17,40
DA:18,40
DA:19,40
DA:20,40
DA:22,40
DA:23,40
DA:25,40
LF:18
LH:18
BRDA:7,1,0,33
BRDA:7,1,1,3
BRF:2
BRH:2
end_of_record
TN:
SF:./src/coma.baseModelService.js
FN:12,(anonymous_1)
FN:32,(anonymous_2)
FN:37,(anonymous_3)
FN:42,(anonymous_4)
FN:47,(anonymous_5)
FN:50,(anonymous_6)
FN:53,(anonymous_7)
FN:61,(anonymous_8)
FN:69,(anonymous_9)
FN:77,(anonymous_10)
FN:85,(anonymous_11)
FN:93,(anonymous_12)
FN:101,(anonymous_13)
FN:117,(anonymous_14)
FN:128,(anonymous_15)
FN:167,(anonymous_16)
FN:192,(anonymous_17)
FN:241,(anonymous_18)
FN:280,(anonymous_19)
FN:296,(anonymous_20)
FN:309,(anonymous_21)
FN:352,(anonymous_22)
FN:371,(anonymous_23)
FN:387,(anonymous_24)
FN:403,(anonymous_25)
FN:418,(anonymous_26)
FN:435,(anonymous_27)
FN:443,(anonymous_28)
FN:460,(anonymous_29)
FN:463,(anonymous_30)
FN:487,(anonymous_31)
FN:500,(anonymous_32)
FN:507,(anonymous_33)
FN:517,(anonymous_34)
FN:524,(anonymous_35)
FN:529,(anonymous_36)
FN:538,(anonymous_37)
FN:550,(anonymous_38)
FN:566,(anonymous_39)
FN:617,(anonymous_40)
FN:635,(anonymous_41)
FN:644,(anonymous_42)
FN:661,(anonymous_43)
FN:670,(anonymous_44)
FN:685,(anonymous_45)
FN:700,(anonymous_46)
FN:713,(anonymous_47)
FN:761,(anonymous_48)
FNF:48
FNH:12
FNDA:31,(anonymous_1)
FNDA:0,(anonymous_2)
FNDA:0,(anonymous_3)
FNDA:0,(anonymous_4)
FNDA:0,(anonymous_5)
FNDA:0,(anonymous_6)
FNDA:0,(anonymous_7)
FNDA:22,(anonymous_8)
FNDA:21,(anonymous_9)
FNDA:21,(anonymous_10)
FNDA:11,(anonymous_11)
FNDA:1,(anonymous_12)
FNDA:1,(anonymous_13)
FNDA:2,(anonymous_14)
FNDA:11,(anonymous_15)
FNDA:0,(anonymous_16)
FNDA:11,(anonymous_17)
FNDA:11,(anonymous_18)
FNDA:2,(anonymous_19)
FNDA:0,(anonymous_20)
FNDA:0,(anonymous_21)
FNDA:0,(anonymous_22)
FNDA:0,(anonymous_23)
FNDA:0,(anonymous_24)
FNDA:0,(anonymous_25)
FNDA:0,(anonymous_26)
FNDA:0,(anonymous_27)
FNDA:0,(anonymous_28)
FNDA:0,(anonymous_29)
FNDA:0,(anonymous_30)
FNDA:0,(anonymous_31)
FNDA:0,(anonymous_32)
FNDA:0,(anonymous_33)
FNDA:0,(anonymous_34)
FNDA:0,(anonymous_35)
FNDA:0,(anonymous_36)
FNDA:0,(anonymous_37)
FNDA:0,(anonymous_38)
FNDA:0,(anonymous_39)
FNDA:0,(anonymous_40)
FNDA:0,(anonymous_41)
FNDA:0,(anonymous_42)
FNDA:0,(anonymous_43)
FNDA:0,(anonymous_44)
FNDA:0,(anonymous_45)
FNDA:0,(anonymous_46)
FNDA:0,(anonymous_47)
FNDA:0,(anonymous_48)
DA:1,1
DA:22,31
DA:32,31
DA:33,0
DA:37,31
DA:38,0
DA:42,31
DA:43,0
DA:47,31
DA:50,31
DA:51,0
DA:53,31
DA:54,0
DA:61,31
DA:62,22
DA:69,31
DA:70,21
DA:77,31
DA:78,21
DA:85,31
DA:86,11
DA:93,31
DA:94,1
DA:101,31
DA:102,1
DA:103,1
DA:104,1
DA:105,2
DA:106,2
DA:109,1
DA:117,31
DA:118,2
DA:128,31
DA:129,11
DA:130,11
DA:133,11
DA:134,11
DA:137,11
DA:138,0
DA:142,11
DA:143,0
DA:144,0
DA:148,11
DA:149,0
DA:153,11
DA:154,0
DA:167,11
DA:168,0
DA:170,0
DA:179,0
DA:182,11
DA:183,11
DA:184,11
DA:185,11
DA:186,11
DA:187,11
DA:188,11
DA:189,11
DA:190,11
DA:192,11
DA:193,11
DA:194,11
DA:195,11
DA:196,11
DA:197,11
DA:198,38
DA:199,38
DA:201,38
DA:202,11
DA:205,38
DA:206,38
DA:209,38
DA:210,0
DA:213,38
DA:214,0
DA:218,11
DA:219,0
DA:220,0
DA:222,11
DA:223,0
DA:228,11
DA:229,0
DA:234,11
DA:236,11
DA:237,0
DA:241,11
DA:242,11
DA:243,0
DA:245,11
DA:246,11
DA:247,11
DA:248,11
DA:249,6
DA:250,5
DA:251,5
DA:254,11
DA:255,11
DA:256,6
DA:258,6
DA:263,0
DA:267,11
DA:271,11
DA:280,11
DA:281,2
DA:282,2
DA:283,2
DA:284,2
DA:296,11
DA:297,0
DA:309,11
DA:310,0
DA:311,0
DA:312,0
DA:313,0
DA:314,0
DA:317,0
DA:318,0
DA:319,0
DA:320,0
DA:321,0
DA:322,0
DA:323,0
DA:324,0
DA:326,0
DA:327,0
DA:328,0
DA:329,0
DA:330,0
DA:332,0
DA:333,0
DA:335,0
DA:336,0
DA:337,0
DA:338,0
DA:339,0
DA:344,0
DA:352,11
DA:353,0
DA:354,0
DA:355,0
DA:356,0
DA:357,0
DA:371,11
DA:372,0
DA:373,0
DA:374,0
DA:376,0
DA:387,11
DA:388,0
DA:389,0
DA:390,0
DA:392,0
DA:403,11
DA:404,0
DA:405,0
DA:406,0
DA:408,0
DA:418,11
DA:419,0
DA:420,0
DA:422,0
DA:435,11
DA:436,0
DA:437,0
DA:438,0
DA:441,0
DA:443,0
DA:444,0
DA:445,0
DA:446,0
DA:447,0
DA:460,11
DA:461,0
DA:463,0
DA:464,0
DA:465,0
DA:466,0
DA:467,0
DA:470,0
DA:474,0
DA:475,0
DA:487,11
DA:488,0
DA:489,0
DA:490,0
DA:493,0
DA:494,0
DA:500,11
DA:501,0
DA:507,11
DA:508,0
DA:517,11
DA:518,0
DA:519,0
DA:520,0
DA:521,0
DA:522,0
DA:523,0
DA:524,0
DA:525,0
DA:526,0
DA:527,0
DA:528,0
DA:530,0
DA:531,0
DA:533,0
DA:535,0
DA:536,0
DA:538,0
DA:539,0
DA:540,0
DA:541,0
DA:542,0
DA:543,0
DA:544,0
DA:546,0
DA:547,0
DA:548,0
DA:549,0
DA:551,0
DA:552,0
DA:555,0
DA:558,0
DA:560,0
DA:566,11
DA:568,0
DA:569,0
DA:570,0
DA:571,0
DA:572,0
DA:573,0
DA:574,0
DA:575,0
DA:576,0
DA:577,0
DA:579,0
DA:581,0
DA:582,0
DA:584,0
DA:585,0
DA:587,0
DA:588,0
DA:590,0
DA:591,0
DA:593,0
DA:594,0
DA:595,0
DA:597,0
DA:598,0
DA:599,0
DA:600,0
DA:601,0
DA:606,0
DA:617,11
DA:618,0
DA:619,0
DA:621,0
DA:623,0
DA:626,0
DA:627,0
DA:629,0
DA:630,0
DA:631,0
DA:632,0
DA:635,0
DA:636,0
DA:637,0
DA:638,0
DA:639,0
DA:640,0
DA:641,0
DA:642,0
DA:643,0
DA:645,0
DA:646,0
DA:647,0
DA:648,0
DA:653,0
DA:655,0
DA:656,0
DA:657,0
DA:658,0
DA:661,0
DA:662,0
DA:663,0
DA:664,0
DA:665,0
DA:666,0
DA:667,0
DA:668,0
DA:669,0
DA:671,0
DA:672,0
DA:673,0
DA:674,0
DA:685,11
DA:686,0
DA:687,0
DA:688,0
DA:690,0
DA:691,0
DA:700,11
DA:701,0
DA:702,0
DA:703,0
DA:713,11
DA:714,0
DA:715,0
DA:718,0
DA:719,0
DA:722,0
DA:723,0
DA:724,0
DA:725,0
DA:728,0
DA:730,0
DA:733,0
DA:734,0
DA:735,0
DA:736,0
DA:737,0
DA:738,0
DA:739,0
DA:741,0
DA:742,0
DA:743,0
DA:744,0
DA:749,0
DA:750,0
DA:751,0
DA:761,11
DA:762,0
DA:763,0
DA:764,0
DA:767,0
DA:768,0
DA:771,0
DA:772,0
DA:774,0
DA:775,0
DA:776,0
DA:781,0
DA:785,0
DA:786,0
DA:788,0
DA:789,0
DA:792,11
DA:794,11
DA:797,31
LF:349
LH:107
BRDA:105,1,0,2
BRDA:105,1,1,0
BRDA:118,2,0,2
BRDA:118,2,1,1
BRDA:129,3,0,11
BRDA:129,3,1,11
BRDA:130,4,0,11
BRDA:130,4,1,11
BRDA:133,5,0,0
BRDA:133,5,1,11
BRDA:134,6,0,0
BRDA:134,6,1,11
BRDA:137,7,0,0
BRDA:137,7,1,11
BRDA:137,8,0,11
BRDA:137,8,1,0
BRDA:142,9,0,0
BRDA:142,9,1,11
BRDA:142,10,0,11
BRDA:142,10,1,11
BRDA:148,11,0,0
BRDA:148,11,1,11
BRDA:148,12,0,11
BRDA:148,12,1,11
BRDA:153,13,0,0
BRDA:153,13,1,11
BRDA:171,14,0,0
BRDA:171,14,1,0
BRDA:190,15,0,11
BRDA:190,15,1,0
BRDA:198,16,0,38
BRDA:198,16,1,0
BRDA:201,17,0,11
BRDA:201,17,1,27
BRDA:205,18,0,38
BRDA:205,18,1,0
BRDA:209,19,0,0
BRDA:209,19,1,38
BRDA:213,20,0,0
BRDA:213,20,1,38
BRDA:218,21,0,0
BRDA:218,21,1,11
BRDA:218,22,0,11
BRDA:218,22,1,0
BRDA:222,23,0,0
BRDA:222,23,1,11
BRDA:222,24,0,11
BRDA:222,24,1,0
BRDA:228,25,0,0
BRDA:228,25,1,11
BRDA:228,26,0,11
BRDA:228,26,1,0
BRDA:236,27,0,0
BRDA:236,27,1,11
BRDA:242,28,0,0
BRDA:242,28,1,11
BRDA:248,29,0,6
BRDA:248,29,1,5
BRDA:250,30,0,5
BRDA:250,30,1,0
BRDA:254,31,0,11
BRDA:254,31,1,0
BRDA:254,32,0,11
BRDA:254,32,1,11
BRDA:255,33,0,6
BRDA:255,33,1,5
BRDA:256,34,0,6
BRDA:256,34,1,0
BRDA:283,35,0,2
BRDA:283,35,1,0
BRDA:313,36,0,0
BRDA:313,36,1,0
BRDA:326,37,0,0
BRDA:326,37,1,0
BRDA:327,38,0,0
BRDA:327,38,1,0
BRDA:327,39,0,0
BRDA:327,39,1,0
BRDA:332,40,0,0
BRDA:332,40,1,0
BRDA:335,41,0,0
BRDA:335,41,1,0
BRDA:335,42,0,0
BRDA:335,42,1,0
BRDA:336,43,0,0
BRDA:336,43,1,0
BRDA:336,44,0,0
BRDA:336,44,1,0
BRDA:355,45,0,0
BRDA:355,45,1,0
BRDA:356,46,0,0
BRDA:356,46,1,0
BRDA:356,47,0,0
BRDA:356,47,1,0
BRDA:373,48,0,0
BRDA:373,48,1,0
BRDA:389,49,0,0
BRDA:389,49,1,0
BRDA:405,50,0,0
BRDA:405,50,1,0
BRDA:419,51,0,0
BRDA:419,51,1,0
BRDA:436,52,0,0
BRDA:436,52,1,0
BRDA:441,53,0,0
BRDA:441,53,1,0
BRDA:441,54,0,0
BRDA:441,54,1,0
BRDA:461,55,0,0
BRDA:461,55,1,0
BRDA:461,56,0,0
BRDA:461,56,1,0
BRDA:488,57,0,0
BRDA:488,57,1,0
BRDA:493,58,0,0
BRDA:493,58,1,0
BRDA:493,59,0,0
BRDA:493,59,1,0
BRDA:521,60,0,0
BRDA:521,60,1,0
BRDA:523,61,0,0
BRDA:523,61,1,0
BRDA:523,62,0,0
BRDA:523,62,1,0
BRDA:523,62,2,0
BRDA:533,63,0,0
BRDA:533,63,1,0
BRDA:533,64,0,0
BRDA:533,64,1,0
BRDA:573,65,0,0
BRDA:573,65,1,0
BRDA:574,66,0,0
BRDA:574,66,1,0
BRDA:575,67,0,0
BRDA:575,67,1,0
BRDA:575,68,0,0
BRDA:575,68,1,0
BRDA:579,69,0,0
BRDA:579,69,1,0
BRDA:579,69,2,0
BRDA:579,69,3,0
BRDA:587,70,0,0
BRDA:587,70,1,0
BRDA:590,71,0,0
BRDA:590,71,1,0
BRDA:593,72,0,0
BRDA:593,72,1,0
BRDA:593,73,0,0
BRDA:593,73,1,0
BRDA:597,74,0,0
BRDA:597,74,1,0
BRDA:599,75,0,0
BRDA:599,75,1,0
BRDA:623,76,0,0
BRDA:623,76,1,0
BRDA:623,77,0,0
BRDA:623,77,1,0
BRDA:626,78,0,0
BRDA:626,78,1,0
BRDA:626,79,0,0
BRDA:626,79,1,0
BRDA:629,80,0,0
BRDA:629,80,1,0
BRDA:655,81,0,0
BRDA:655,81,1,0
BRDA:686,82,0,0
BRDA:686,82,1,0
BRDA:687,83,0,0
BRDA:687,83,1,0
BRDA:687,84,0,0
BRDA:687,84,1,0
BRDA:714,85,0,0
BRDA:714,85,1,0
BRDA:718,86,0,0
BRDA:718,86,1,0
BRDA:724,87,0,0
BRDA:724,87,1,0
BRDA:724,88,0,0
BRDA:724,88,1,0
BRDA:737,89,0,0
BRDA:737,89,1,0
BRDA:741,90,0,0
BRDA:741,90,1,0
BRDA:762,91,0,0
BRDA:762,91,1,0
BRDA:767,92,0,0
BRDA:767,92,1,0
BRDA:775,93,0,0
BRDA:775,93,1,0
BRDA:775,94,0,0
BRDA:775,94,1,0
BRF:191
BRH:43
end_of_record
TN:
SF:./src/coma.hasManyAssociation.js
FN:4,(anonymous_1)
FN:11,(anonymous_2)
FN:18,(anonymous_3)
FNF:3
FNH:2
FNDA:31,(anonymous_1)
FNDA:5,(anonymous_2)
FNDA:0,(anonymous_3)
DA:1,1
DA:11,31
DA:12,5
DA:13,5
DA:15,5
DA:16,5
DA:17,5
DA:18,5
DA:19,0
DA:22,5
DA:23,0
DA:24,0
DA:29,31
DA:31,31
LF:14
LH:11
BRDA:15,1,0,5
BRDA:15,1,1,5
BRDA:16,2,0,5
BRDA:16,2,1,0
BRDA:22,3,0,0
BRDA:22,3,1,5
BRDA:22,4,0,5
BRDA:22,4,1,5
BRF:8
BRH:6
end_of_record
TN:
SF:./src/coma.hasOneAssociation.js
FN:4,(anonymous_1)
FN:11,(anonymous_2)
FN:18,(anonymous_3)
FNF:3
FNH:2
FNDA:31,(anonymous_1)
FNDA:6,(anonymous_2)
FNDA:0,(anonymous_3)
DA:1,1
DA:11,31
DA:12,6
DA:13,6
DA:15,6
DA:16,6
DA:17,6
DA:18,6
DA:19,0
DA:22,6
DA:23,0
DA:24,0
DA:29,31
DA:31,31
LF:14
LH:11
BRDA:15,1,0,6
BRDA:15,1,1,6
BRDA:16,2,0,6
BRDA:16,2,1,0
BRDA:22,3,0,0
BRDA:22,3,1,6
BRDA:22,4,0,6
BRDA:22,4,1,6
BRF:8
BRH:6
end_of_record
TN:
SF:./src/coma.localStorage.js
FN:2,(anonymous_1)
FN:21,(anonymous_2)
FN:31,(anonymous_3)
FN:45,(anonymous_4)
FN:65,(anonymous_5)
FN:91,(anonymous_6)
FN:108,(anonymous_7)
FNF:7
FNH:1
FNDA:31,(anonymous_1)
FNDA:0,(anonymous_2)
FNDA:0,(anonymous_3)
FNDA:0,(anonymous_4)
FNDA:0,(anonymous_5)
FNDA:0,(anonymous_6)
FNDA:0,(anonymous_7)
DA:1,1
DA:7,31
DA:21,31
DA:22,0
DA:31,31
DA:32,0
DA:33,0
DA:35,0
DA:45,31
DA:46,0
DA:47,0
DA:48,0
DA:49,0
DA:51,0
DA:52,0
DA:53,0
DA:65,31
DA:66,0
DA:68,0
DA:69,0
DA:70,0
DA:71,0
DA:73,0
DA:74,0
DA:76,0
DA:77,0
DA:82,0
DA:91,31
DA:92,0
DA:93,0
DA:94,0
DA:95,0
DA:97,0
DA:108,31
DA:109,0
DA:110,0
DA:112,0
DA:116,31
LF:38
LH:9
BRDA:32,1,0,0
BRDA:32,1,1,0
BRDA:46,2,0,0
BRDA:46,2,1,0
BRDA:48,3,0,0
BRDA:48,3,1,0
BRDA:68,4,0,0
BRDA:68,4,1,0
BRDA:70,5,0,0
BRDA:70,5,1,0
BRDA:71,6,0,0
BRDA:71,6,1,0
BRDA:76,7,0,0
BRDA:76,7,1,0
BRDA:92,8,0,0
BRDA:92,8,1,0
BRDA:94,9,0,0
BRDA:94,9,1,0
BRDA:110,10,0,0
BRDA:110,10,1,0
BRF:20
BRH:0
end_of_record
TN:
SF:./src/coma.modelField.js
FN:4,(anonymous_1)
FN:12,(anonymous_2)
FNF:2
FNH:2
FNDA:31,(anonymous_1)
FNDA:44,(anonymous_2)
DA:1,1
DA:12,31
DA:13,44
DA:14,44
DA:16,44
DA:17,11
DA:18,11
DA:19,11
DA:20,11
DA:21,11
DA:23,33
DA:24,33
DA:25,33
DA:26,33
DA:27,33
DA:29,33
DA:30,5
DA:38,44
DA:39,11
DA:40,11
DA:41,11
DA:45,44
DA:46,0
DA:47,0
DA:51,31
LF:25
LH:23
BRDA:16,1,0,11
BRDA:16,1,1,33
BRDA:26,2,0,17
BRDA:26,2,1,16
BRDA:26,3,0,5
BRDA:26,3,1,11
BRDA:29,4,0,5
BRDA:29,4,1,28
BRDA:38,5,0,11
BRDA:38,5,1,33
BRDA:45,6,0,0
BRDA:45,6,1,44
BRDA:45,7,0,44
BRDA:45,7,1,44
BRF:14
BRH:13
end_of_record
TN:
SF:./src/coma.polyfill.js
FN:3,(anonymous_1)
FN:5,pad
FN:12,(anonymous_3)
FNF:3
FNH:0
FNDA:0,(anonymous_1)
FNDA:0,pad
FNDA:0,(anonymous_3)
DA:2,1
DA:3,0
DA:5,1
DA:6,0
DA:7,0
DA:9,0
DA:12,0
DA:13,0
LF:8
LH:2
BRDA:2,1,0,0
BRDA:2,1,1,1
BRDA:6,2,0,0
BRDA:6,2,1,0
BRF:4
BRH:1
end_of_record
TN:
SF:./src/coma.predicate.js
FN:2,(anonymous_1)
FN:24,Predicate
FN:40,(anonymous_3)
FN:54,(anonymous_4)
FN:66,(anonymous_5)
FN:67,(anonymous_6)
FN:80,(anonymous_7)
FN:81,(anonymous_8)
FN:94,(anonymous_9)
FN:95,(anonymous_10)
FN:108,(anonymous_11)
FN:109,(anonymous_12)
FN:122,(anonymous_13)
FN:123,(anonymous_14)
FN:136,(anonymous_15)
FN:137,(anonymous_16)
FN:150,(anonymous_17)
FN:151,(anonymous_18)
FN:164,(anonymous_19)
FN:165,(anonymous_20)
FN:178,(anonymous_21)
FN:179,(anonymous_22)
FN:193,(anonymous_23)
FN:235,(anonymous_24)
FN:246,(anonymous_25)
FN:258,(anonymous_26)
FN:269,(anonymous_27)
FN:298,(anonymous_28)
FN:326,(anonymous_29)
FN:387,(anonymous_30)
FN:401,(anonymous_31)
FN:426,(anonymous_32)
FN:543,(anonymous_33)
FNF:33
FNH:32
FNDA:106,(anonymous_1)
FNDA:128,Predicate
FNDA:9,(anonymous_3)
FNDA:0,(anonymous_4)
FNDA:53,(anonymous_5)
FNDA:24,(anonymous_6)
FNDA:2,(anonymous_7)
FNDA:2,(anonymous_8)
FNDA:16,(anonymous_9)
FNDA:12,(anonymous_10)
FNDA:2,(anonymous_11)
FNDA:2,(anonymous_12)
FNDA:3,(anonymous_13)
FNDA:3,(anonymous_14)
FNDA:2,(anonymous_15)
FNDA:2,(anonymous_16)
FNDA:12,(anonymous_17)
FNDA:12,(anonymous_18)
FNDA:4,(anonymous_19)
FNDA:4,(anonymous_20)
FNDA:1,(anonymous_21)
FNDA:1,(anonymous_22)
FNDA:33,(anonymous_23)
FNDA:3,(anonymous_24)
FNDA:3,(anonymous_25)
FNDA:13,(anonymous_26)
FNDA:65,(anonymous_27)
FNDA:20,(anonymous_28)
FNDA:29,(anonymous_29)
FNDA:62,(anonymous_30)
FNDA:29,(anonymous_31)
FNDA:20,(anonymous_32)
FNDA:29,(anonymous_33)
DA:1,1
DA:24,1
DA:25,128
DA:26,128
DA:27,128
DA:30,106
DA:40,106
DA:41,9
DA:42,6
DA:44,3
DA:54,106
DA:55,0
DA:56,0
DA:66,106
DA:67,53
DA:68,24
DA:70,53
DA:80,106
DA:81,2
DA:82,2
DA:84,2
DA:94,106
DA:95,16
DA:96,12
DA:98,16
DA:108,106
DA:109,2
DA:110,2
DA:112,2
DA:122,106
DA:123,3
DA:124,3
DA:126,3
DA:136,106
DA:137,2
DA:138,2
DA:140,2
DA:150,106
DA:151,12
DA:152,12
DA:154,12
DA:164,106
DA:165,4
DA:166,4
DA:168,4
DA:178,106
DA:179,1
DA:180,1
DA:182,1
DA:193,106
DA:194,33
DA:196,33
DA:197,18
DA:200,33
DA:201,33
DA:202,13
DA:203,20
DA:204,16
DA:205,16
DA:206,34
DA:207,34
DA:212,33
DA:213,29
DA:214,29
DA:216,29
DA:217,29
DA:218,29
DA:220,29
DA:221,14
DA:225,33
DA:235,106
DA:236,3
DA:246,106
DA:247,3
DA:258,106
DA:259,13
DA:269,106
DA:270,65
DA:271,65
DA:273,65
DA:274,52
DA:277,13
DA:278,13
DA:279,13
DA:280,13
DA:281,13
DA:282,28
DA:283,28
DA:284,28
DA:288,13
DA:298,106
DA:299,20
DA:300,2
DA:304,18
DA:305,18
DA:307,18
DA:308,4
DA:312,14
DA:313,14
DA:314,29
DA:315,29
DA:316,0
DA:320,14
DA:321,0
DA:325,14
DA:326,14
DA:327,29
DA:330,14
DA:331,8
DA:332,1
DA:334,7
DA:337,6
DA:338,6
DA:339,6
DA:340,6
DA:341,6
DA:342,6
DA:343,6
DA:344,6
DA:346,6
DA:347,11
DA:348,11
DA:349,5
DA:350,5
DA:351,5
DA:353,6
DA:354,6
DA:358,11
DA:359,1
DA:363,10
DA:364,1
DA:367,9
DA:368,9
DA:369,9
DA:370,20
DA:372,9
DA:373,9
DA:374,9
DA:377,4
DA:387,106
DA:388,62
DA:389,0
DA:391,62
DA:401,106
DA:402,29
DA:403,29
DA:404,9
DA:406,20
DA:407,0
DA:409,20
DA:410,2
DA:413,18
DA:414,18
DA:416,0
DA:426,106
DA:427,20
DA:428,20
DA:429,4
DA:430,4
DA:431,7
DA:434,7
DA:435,1
DA:439,6
DA:440,2
DA:445,1
DA:447,16
DA:448,16
DA:449,16
DA:450,16
DA:451,17
DA:452,16
DA:454,1
DA:457,15
DA:458,15
DA:459,15
DA:460,15
DA:462,15
DA:463,5
DA:464,5
DA:465,5
DA:466,5
DA:467,5
DA:469,5
DA:471,0
DA:472,0
DA:474,0
DA:475,0
DA:477,5
DA:478,5
DA:481,0
DA:484,10
DA:485,10
DA:487,10
DA:488,10
DA:489,10
DA:492,7
DA:493,3
DA:496,2
DA:497,1
DA:500,1
DA:501,0
DA:504,0
DA:507,10
DA:508,10
DA:509,0
DA:510,0
DA:511,10
DA:512,0
DA:513,0
DA:517,10
DA:519,1
DA:521,3
DA:523,1
DA:525,1
DA:527,1
DA:529,3
DA:534,0
DA:543,106
DA:544,29
DA:545,29
DA:546,29
DA:547,29
DA:548,29
DA:550,29
DA:551,8
DA:552,8
DA:553,8
DA:554,8
DA:555,8
DA:557,8
DA:559,3
DA:560,3
DA:561,3
DA:563,0
DA:564,0
DA:565,0
DA:567,5
DA:568,5
DA:569,5
DA:572,8
DA:575,21
DA:576,21
DA:577,21
DA:579,21
DA:581,21
DA:583,11
DA:584,11
DA:586,0
DA:587,0
DA:589,9
DA:590,9
DA:592,0
DA:593,0
DA:595,1
DA:596,1
DA:598,0
DA:599,0
DA:601,21
DA:604,106
LF:259
LH:231
BRDA:41,1,0,6
BRDA:41,1,1,3
BRDA:41,2,0,9
BRDA:41,2,1,6
BRDA:196,3,0,18
BRDA:196,3,1,15
BRDA:196,4,0,33
BRDA:196,4,1,18
BRDA:201,5,0,13
BRDA:201,5,1,20
BRDA:203,6,0,16
BRDA:203,6,1,4
BRDA:203,7,0,20
BRDA:203,7,1,16
BRDA:206,8,0,34
BRDA:206,8,1,0
BRDA:212,9,0,29
BRDA:212,9,1,4
BRDA:216,10,0,0
BRDA:216,10,1,29
BRDA:217,11,0,29
BRDA:217,11,1,0
BRDA:217,12,0,29
BRDA:217,12,1,10
BRDA:218,13,0,11
BRDA:218,13,1,18
BRDA:220,14,0,14
BRDA:220,14,1,15
BRDA:273,15,0,52
BRDA:273,15,1,13
BRDA:273,16,0,65
BRDA:273,16,1,52
BRDA:277,17,0,13
BRDA:277,17,1,0
BRDA:277,18,0,13
BRDA:277,18,1,13
BRDA:284,19,0,15
BRDA:284,19,1,13
BRDA:288,20,0,6
BRDA:288,20,1,7
BRDA:299,21,0,2
BRDA:299,21,1,18
BRDA:307,22,0,4
BRDA:307,22,1,14
BRDA:315,23,0,0
BRDA:315,23,1,29
BRDA:320,24,0,0
BRDA:320,24,1,14
BRDA:330,25,0,8
BRDA:330,25,1,6
BRDA:331,26,0,1
BRDA:331,26,1,7
BRDA:348,27,0,5
BRDA:348,27,1,6
BRDA:358,28,0,1
BRDA:358,28,1,10
BRDA:363,29,0,1
BRDA:363,29,1,9
BRDA:363,30,0,10
BRDA:363,30,1,6
BRDA:372,31,0,4
BRDA:372,31,1,5
BRDA:388,32,0,0
BRDA:388,32,1,62
BRDA:391,33,0,37
BRDA:391,33,1,25
BRDA:402,34,0,29
BRDA:402,34,1,0
BRDA:403,35,0,9
BRDA:403,35,1,20
BRDA:406,36,0,0
BRDA:406,36,1,20
BRDA:409,37,0,2
BRDA:409,37,1,18
BRDA:413,38,0,18
BRDA:413,38,1,0
BRDA:428,39,0,4
BRDA:428,39,1,16
BRDA:428,40,0,20
BRDA:428,40,1,4
BRDA:434,41,0,1
BRDA:434,41,1,6
BRDA:434,42,0,7
BRDA:434,42,1,4
BRDA:439,43,0,2
BRDA:439,43,1,4
BRDA:439,44,0,6
BRDA:439,44,1,3
BRDA:447,45,0,16
BRDA:447,45,1,0
BRDA:451,46,0,16
BRDA:451,46,1,1
BRDA:451,47,0,17
BRDA:451,47,1,16
BRDA:462,48,0,5
BRDA:462,48,1,10
BRDA:469,49,0,0
BRDA:469,49,1,0
BRDA:469,49,2,5
BRDA:489,50,0,7
BRDA:489,50,1,3
BRDA:493,51,0,2
BRDA:493,51,1,1
BRDA:497,52,0,1
BRDA:497,52,1,0
BRDA:501,53,0,0
BRDA:501,53,1,0
BRDA:508,54,0,0
BRDA:508,54,1,10
BRDA:508,55,0,10
BRDA:508,55,1,0
BRDA:511,56,0,0
BRDA:511,56,1,10
BRDA:511,57,0,10
BRDA:511,57,1,3
BRDA:517,58,0,1
BRDA:517,58,1,3
BRDA:517,58,2,1
BRDA:517,58,3,1
BRDA:517,58,4,1
BRDA:517,58,5,3
BRDA:550,59,0,8
BRDA:550,59,1,21
BRDA:557,60,0,3
BRDA:557,60,1,0
BRDA:557,60,2,5
BRDA:581,61,0,11
BRDA:581,61,1,0
BRDA:581,61,2,9
BRDA:581,61,3,0
BRDA:581,61,4,1
BRDA:581,61,5,0
BRF:132
BRH:109
end_of_record
TN:
SF:./src/coma.preparedQueryOptions.js
FN:4,(anonymous_1)
FN:22,PreparedQueryOptions
FN:32,(anonymous_3)
FN:44,(anonymous_4)
FN:65,(anonymous_5)
FN:86,(anonymous_6)
FN:107,(anonymous_7)
FN:130,(anonymous_8)
FN:153,(anonymous_9)
FN:173,(anonymous_10)
FN:197,(anonymous_11)
FN:218,(anonymous_12)
FN:235,(anonymous_13)
FN:238,(anonymous_14)
FN:264,(anonymous_15)
FNF:15
FNH:15
FNDA:73,(anonymous_1)
FNDA:45,PreparedQueryOptions
FNDA:16,(anonymous_3)
FNDA:11,(anonymous_4)
FNDA:15,(anonymous_5)
FNDA:9,(anonymous_6)
FNDA:10,(anonymous_7)
FNDA:10,(anonymous_8)
FNDA:10,(anonymous_9)
FNDA:15,(anonymous_10)
FNDA:11,(anonymous_11)
FNDA:3,(anonymous_12)
FNDA:3,(anonymous_13)
FNDA:11,(anonymous_14)
FNDA:1,(anonymous_15)
DA:1,1
DA:22,1
DA:29,45
DA:32,73
DA:33,16
DA:44,73
DA:45,11
DA:46,2
DA:48,9
DA:49,6
DA:51,9
DA:52,1
DA:54,9
DA:65,73
DA:66,15
DA:67,2
DA:69,13
DA:70,10
DA:72,13
DA:73,1
DA:75,13
DA:86,73
DA:87,9
DA:88,2
DA:90,7
DA:91,5
DA:93,7
DA:94,1
DA:96,7
DA:107,73
DA:108,10
DA:109,2
DA:111,8
DA:112,5
DA:113,3
DA:114,1
DA:116,8
DA:117,1
DA:119,8
DA:130,73
DA:131,10
DA:132,2
DA:134,8
DA:135,4
DA:136,4
DA:137,2
DA:139,8
DA:140,1
DA:142,8
DA:153,73
DA:154,10
DA:155,3
DA:157,7
DA:158,5
DA:160,2
DA:162,7
DA:173,73
DA:174,15
DA:175,2
DA:177,13
DA:178,8
DA:179,5
DA:180,2
DA:182,13
DA:183,1
DA:185,13
DA:197,73
DA:198,11
DA:199,2
DA:201,9
DA:202,6
DA:204,9
DA:205,1
DA:207,9
DA:218,73
DA:219,3
DA:220,3
DA:221,3
DA:222,3
DA:225,3
DA:235,73
DA:236,3
DA:238,3
DA:239,11
DA:242,3
DA:243,3
DA:244,11
DA:245,11
DA:246,11
DA:247,3
DA:249,8
DA:254,3
DA:264,73
DA:265,1
DA:266,1
DA:267,1
DA:268,4
DA:269,3
DA:272,1
DA:275,73
LF:100
LH:100
BRDA:33,1,0,16
BRDA:33,1,1,13
BRDA:33,1,2,6
BRDA:45,2,0,2
BRDA:45,2,1,9
BRDA:46,3,0,2
BRDA:46,3,1,1
BRDA:48,4,0,6
BRDA:48,4,1,3
BRDA:48,5,0,9
BRDA:48,5,1,7
BRDA:51,6,0,1
BRDA:51,6,1,8
BRDA:66,7,0,2
BRDA:66,7,1,13
BRDA:67,8,0,2
BRDA:67,8,1,1
BRDA:69,9,0,10
BRDA:69,9,1,3
BRDA:69,10,0,13
BRDA:69,10,1,11
BRDA:72,11,0,1
BRDA:72,11,1,12
BRDA:87,12,0,2
BRDA:87,12,1,7
BRDA:88,13,0,2
BRDA:88,13,1,1
BRDA:90,14,0,5
BRDA:90,14,1,2
BRDA:90,15,0,7
BRDA:90,15,1,5
BRDA:93,16,0,1
BRDA:93,16,1,6
BRDA:108,17,0,2
BRDA:108,17,1,8
BRDA:109,18,0,2
BRDA:109,18,1,1
BRDA:111,19,0,5
BRDA:111,19,1,3
BRDA:113,20,0,1
BRDA:113,20,1,2
BRDA:116,21,0,1
BRDA:116,21,1,7
BRDA:131,22,0,2
BRDA:131,22,1,8
BRDA:132,23,0,2
BRDA:132,23,1,1
BRDA:134,24,0,4
BRDA:134,24,1,4
BRDA:136,25,0,2
BRDA:136,25,1,2
BRDA:139,26,0,1
BRDA:139,26,1,7
BRDA:154,27,0,3
BRDA:154,27,1,7
BRDA:155,28,0,3
BRDA:155,28,1,2
BRDA:157,29,0,5
BRDA:157,29,1,2
BRDA:157,30,0,7
BRDA:157,30,1,6
BRDA:174,31,0,2
BRDA:174,31,1,13
BRDA:175,32,0,2
BRDA:175,32,1,1
BRDA:177,33,0,8
BRDA:177,33,1,5
BRDA:177,34,0,13
BRDA:177,34,1,11
BRDA:179,35,0,2
BRDA:179,35,1,3
BRDA:182,36,0,1
BRDA:182,36,1,12
BRDA:198,37,0,2
BRDA:198,37,1,9
BRDA:199,38,0,2
BRDA:199,38,1,1
BRDA:201,39,0,6
BRDA:201,39,1,3
BRDA:201,40,0,9
BRDA:201,40,1,9
BRDA:201,40,2,9
BRDA:201,40,3,8
BRDA:201,40,4,6
BRDA:201,40,5,4
BRDA:201,40,6,1
BRDA:204,41,0,1
BRDA:204,41,1,8
BRDA:204,42,0,9
BRDA:204,42,1,9
BRDA:221,43,0,3
BRDA:221,43,1,0
BRDA:239,44,0,3
BRDA:239,44,1,8
BRDA:244,45,0,11
BRDA:244,45,1,0
BRDA:246,46,0,3
BRDA:246,46,1,8
BRDA:268,47,0,3
BRDA:268,47,1,1
BRDA:268,48,0,4
BRDA:268,48,1,4
BRF:102
BRH:100
end_of_record
TN:
SF:./src/coma.provider.js
FN:2,(anonymous_1)
FN:6,(anonymous_2)
FN:12,(anonymous_3)
FN:18,(anonymous_4)
FN:24,(anonymous_5)
FN:30,(anonymous_6)
FN:35,(anonymous_7)
FNF:7
FNH:2
FNDA:125,(anonymous_1)
FNDA:0,(anonymous_2)
FNDA:0,(anonymous_3)
FNDA:0,(anonymous_4)
FNDA:0,(anonymous_5)
FNDA:0,(anonymous_6)
FNDA:21,(anonymous_7)
DA:1,1
DA:3,125
DA:5,125
DA:6,125
DA:7,0
DA:8,0
DA:11,125
DA:12,125
DA:13,0
DA:14,0
DA:17,125
DA:18,125
DA:19,0
DA:20,0
DA:23,125
DA:24,125
DA:25,0
DA:26,0
DA:29,125
DA:30,125
DA:31,0
DA:32,0
DA:35,125
DA:36,21
DA:41,21
DA:42,21
DA:43,21
DA:44,21
DA:45,0
DA:47,21
DA:48,0
DA:52,21
DA:53,21
DA:54,21
DA:56,21
LF:35
LH:23
BRDA:44,1,0,0
BRDA:44,1,1,21
BRDA:47,2,0,0
BRDA:47,2,1,21
BRF:4
BRH:2
end_of_record
TN:
SF:./src/coma.syncHandler.js
FN:8,(anonymous_1)
FN:11,(anonymous_2)
FN:18,(anonymous_3)
FN:22,(anonymous_4)
FN:26,(anonymous_5)
FN:39,(anonymous_6)
FN:44,(anonymous_7)
FN:49,(anonymous_8)
FN:63,(anonymous_9)
FN:69,(anonymous_10)
FN:78,(anonymous_11)
FN:96,(anonymous_12)
FN:116,(anonymous_13)
FN:118,(anonymous_14)
FN:122,(anonymous_15)
FN:124,(anonymous_16)
FN:131,(anonymous_17)
FNF:17
FNH:1
FNDA:31,(anonymous_1)
FNDA:0,(anonymous_2)
FNDA:0,(anonymous_3)
FNDA:0,(anonymous_4)
FNDA:0,(anonymous_5)
FNDA:0,(anonymous_6)
FNDA:0,(anonymous_7)
FNDA:0,(anonymous_8)
FNDA:0,(anonymous_9)
FNDA:0,(anonymous_10)
FNDA:0,(anonymous_11)
FNDA:0,(anonymous_12)
FNDA:0,(anonymous_13)
FNDA:0,(anonymous_14)
FNDA:0,(anonymous_15)
FNDA:0,(anonymous_16)
FNDA:0,(anonymous_17)
DA:1,1
DA:9,31
DA:11,31
DA:12,0
DA:13,0
DA:14,0
DA:15,0
DA:18,31
DA:19,0
DA:22,31
DA:23,0
DA:26,31
DA:27,0
DA:28,0
DA:30,0
DA:31,0
DA:33,0
DA:34,0
DA:36,0
DA:39,31
DA:40,0
DA:41,0
DA:44,31
DA:45,0
DA:46,0
DA:49,31
DA:50,0
DA:51,0
DA:53,0
DA:54,0
DA:55,0
DA:56,0
DA:57,0
DA:60,0
DA:61,0
DA:63,0
DA:64,0
DA:65,0
DA:66,0
DA:69,0
DA:70,0
DA:71,0
DA:72,0
DA:73,0
DA:76,0
DA:78,0
DA:81,0
DA:82,0
DA:83,0
DA:85,0
DA:86,0
DA:89,0
DA:93,0
DA:96,31
DA:97,0
DA:98,0
DA:101,0
DA:102,0
DA:103,0
DA:104,0
DA:107,0
DA:109,0
DA:110,0
DA:111,0
DA:112,0
DA:113,0
DA:116,0
DA:117,0
DA:119,0
DA:120,0
DA:121,0
DA:123,0
DA:125,0
DA:128,0
DA:131,31
DA:132,0
DA:133,0
DA:136,31
LF:78
LH:12
BRDA:27,1,0,0
BRDA:27,1,1,0
BRDA:27,2,0,0
BRDA:27,2,1,0
BRDA:30,3,0,0
BRDA:30,3,1,0
BRDA:33,4,0,0
BRDA:33,4,1,0
BRDA:54,5,0,0
BRDA:54,5,1,0
BRDA:85,6,0,0
BRDA:85,6,1,0
BRDA:102,7,0,0
BRDA:102,7,1,0
BRDA:111,8,0,0
BRDA:111,8,1,0
BRF:16
BRH:0
end_of_record
